  Collisions.cpp
C:\Users\mairis\OneDrive - Staffordshire University\GEC\Mario\GEC_Mario\MarioBaseProject\MarioBaseProject\Commons.h(20,1): warning C4099: 'Vector2D': type name first seen using 'class' now seen using 'struct'
C:\Users\mairis\OneDrive - Staffordshire University\GEC\Mario\GEC_Mario\MarioBaseProject\MarioBaseProject\Commons.h(19): message : see declaration of 'Vector2D'
C:\Users\mairis\OneDrive - Staffordshire University\GEC\Mario\GEC_Mario\MarioBaseProject\MarioBaseProject\Commons.h(91,1): warning C4099: 'Rect2D': type name first seen using 'class' now seen using 'struct'
C:\Users\mairis\OneDrive - Staffordshire University\GEC\Mario\GEC_Mario\MarioBaseProject\MarioBaseProject\Commons.h(90): message : see declaration of 'Rect2D'
C:\Users\mairis\OneDrive - Staffordshire University\GEC\Mario\GEC_Mario\MarioBaseProject\MarioBaseProject\BaseCharacter.h(63,106): warning C4244: 'argument': conversion from 'int' to 'float', possible loss of data
C:\Users\mairis\OneDrive - Staffordshire University\GEC\Mario\GEC_Mario\MarioBaseProject\MarioBaseProject\BaseCharacter.h(63,84): warning C4244: 'argument': conversion from 'int' to 'float', possible loss of data
  GameScreenLevel1.cpp
C:\Users\mairis\OneDrive - Staffordshire University\GEC\Mario\GEC_Mario\MarioBaseProject\MarioBaseProject\BaseCharacter.h(63,106): warning C4244: 'argument': conversion from 'int' to 'float', possible loss of data
C:\Users\mairis\OneDrive - Staffordshire University\GEC\Mario\GEC_Mario\MarioBaseProject\MarioBaseProject\BaseCharacter.h(63,84): warning C4244: 'argument': conversion from 'int' to 'float', possible loss of data
C:\Users\mairis\OneDrive - Staffordshire University\GEC\Mario\GEC_Mario\MarioBaseProject\MarioBaseProject\Collisions.h(4,13): warning C4099: 'Rect2D': type name first seen using 'struct' now seen using 'class'
C:\Users\mairis\OneDrive - Staffordshire University\GEC\Mario\GEC_Mario\MarioBaseProject\MarioBaseProject\Commons.h(90): message : see declaration of 'Rect2D'
C:\Users\mairis\OneDrive - Staffordshire University\GEC\Mario\GEC_Mario\MarioBaseProject\MarioBaseProject\Collisions.h(5,15): warning C4099: 'Vector2D': type name first seen using 'struct' now seen using 'class'
C:\Users\mairis\OneDrive - Staffordshire University\GEC\Mario\GEC_Mario\MarioBaseProject\MarioBaseProject\Commons.h(19): message : see declaration of 'Vector2D'
C:\Users\mairis\OneDrive - Staffordshire University\GEC\Mario\GEC_Mario\MarioBaseProject\MarioBaseProject\LevelMap.h(3,1): warning C4067: unexpected tokens following preprocessor directive - expected a newline
C:\Users\mairis\OneDrive - Staffordshire University\GEC\Mario\GEC_Mario\MarioBaseProject\MarioBaseProject\LevelMap.h(9,19): warning C4099: 'SDL_Renderer': type name first seen using 'struct' now seen using 'class'
C:\Users\mairis\OneDrive - Staffordshire University\GEC\Mario\GEC_Mario\MarioBaseProject\MarioBaseProject\SDL2\SDL\include\SDL_render.h(132): message : see declaration of 'SDL_Renderer'
C:\Users\mairis\OneDrive - Staffordshire University\GEC\Mario\GEC_Mario\MarioBaseProject\MarioBaseProject\LevelMap.h(10,15): warning C4099: 'Vector2D': type name first seen using 'struct' now seen using 'class'
C:\Users\mairis\OneDrive - Staffordshire University\GEC\Mario\GEC_Mario\MarioBaseProject\MarioBaseProject\Collisions.h(5): message : see declaration of 'Vector2D'
C:\Users\mairis\OneDrive - Staffordshire University\GEC\Mario\GEC_Mario\MarioBaseProject\MarioBaseProject\GameScreenLevel1.cpp(43,20): warning C4018: '<': signed/unsigned mismatch
C:\Users\mairis\OneDrive - Staffordshire University\GEC\Mario\GEC_Mario\MarioBaseProject\MarioBaseProject\GameScreenLevel1.cpp(83,21): warning C4018: '<': signed/unsigned mismatch
C:\Users\mairis\OneDrive - Staffordshire University\GEC\Mario\GEC_Mario\MarioBaseProject\MarioBaseProject\GameScreenLevel1.cpp(160,22): warning C4018: '<': signed/unsigned mismatch
  Generating Code...
  MarioBaseProject.vcxproj -> C:\Users\mairis\OneDrive - Staffordshire University\GEC\Mario\GEC_Mario\MarioBaseProject\Debug\MarioBaseProject.exe
